This file contains any messages produced by compilers while
running configure, to aid debugging if configure makes a mistake.

It was created by libsamplerate configure 0.1.9, which was
generated by GNU Autoconf 2.69.  Invocation command line was

  $ ./configure --prefix=/home/gweltaz/Rack-SDK/plugins/Gweltou/dep --host=x86_64-linux-gnu

## --------- ##
## Platform. ##
## --------- ##

hostname = ThinkPad-X270-W10DG
uname -m = x86_64
uname -r = 5.3.0-62-generic
uname -s = Linux
uname -v = #56-Ubuntu SMP Tue Jun 23 11:20:52 UTC 2020

/usr/bin/uname -p = x86_64
/bin/uname -X     = unknown

/bin/arch              = x86_64
/usr/bin/arch -k       = unknown
/usr/convex/getsysinfo = unknown
/usr/bin/hostinfo      = unknown
/bin/machine           = unknown
/usr/bin/oslevel       = unknown
/bin/universe          = unknown

PATH: /home/gweltaz/.local/bin
PATH: /usr/local/sbin
PATH: /usr/local/bin
PATH: /usr/sbin
PATH: /usr/bin
PATH: /sbin
PATH: /bin
PATH: /usr/games
PATH: /usr/local/games
PATH: /snap/bin


## ----------- ##
## Core tests. ##
## ----------- ##

configure:2634: checking build system type
configure:2648: result: x86_64-unknown-linux-gnu
configure:2668: checking host system type
configure:2681: result: x86_64-pc-linux-gnu
configure:2701: checking target system type
configure:2714: result: x86_64-pc-linux-gnu
configure:2761: checking for a BSD-compatible install
configure:2829: result: /usr/bin/install -c
configure:2840: checking whether build environment is sane
configure:2895: result: yes
configure:2931: WARNING: 'missing' script is too old or missing
configure:2952: checking for x86_64-linux-gnu-strip
configure:2968: found /usr/bin/x86_64-linux-gnu-strip
configure:2979: result: x86_64-linux-gnu-strip
configure:3044: checking for a thread-safe mkdir -p
configure:3083: result: /usr/bin/mkdir -p
configure:3090: checking for gawk
configure:3106: found /usr/bin/gawk
configure:3117: result: gawk
configure:3128: checking whether make sets $(MAKE)
configure:3150: result: yes
configure:3179: checking whether make supports nested variables
configure:3196: result: yes
configure:3334: checking whether make supports nested variables
configure:3351: result: yes
configure:3381: checking for x86_64-linux-gnu-gcc
configure:3397: found /usr/bin/x86_64-linux-gnu-gcc
configure:3408: result: x86_64-linux-gnu-gcc
configure:3677: checking for C compiler version
configure:3686: x86_64-linux-gnu-gcc --version >&5
x86_64-linux-gnu-gcc (Ubuntu 9.2.1-9ubuntu2) 9.2.1 20191008
Copyright (C) 2019 Free Software Foundation, Inc.
This is free software; see the source for copying conditions.  There is NO
warranty; not even for MERCHANTABILITY or FITNESS FOR A PARTICULAR PURPOSE.

configure:3697: $? = 0
configure:3686: x86_64-linux-gnu-gcc -v >&5
Using built-in specs.
COLLECT_GCC=x86_64-linux-gnu-gcc
COLLECT_LTO_WRAPPER=/usr/lib/gcc/x86_64-linux-gnu/9/lto-wrapper
OFFLOAD_TARGET_NAMES=nvptx-none:hsa
OFFLOAD_TARGET_DEFAULT=1
Target: x86_64-linux-gnu
Configured with: ../src/configure -v --with-pkgversion='Ubuntu 9.2.1-9ubuntu2' --with-bugurl=file:///usr/share/doc/gcc-9/README.Bugs --enable-languages=c,ada,c++,go,brig,d,fortran,objc,obj-c++,gm2 --prefix=/usr --with-gcc-major-version-only --program-suffix=-9 --program-prefix=x86_64-linux-gnu- --enable-shared --enable-linker-build-id --libexecdir=/usr/lib --without-included-gettext --enable-threads=posix --libdir=/usr/lib --enable-nls --enable-bootstrap --enable-clocale=gnu --enable-libstdcxx-debug --enable-libstdcxx-time=yes --with-default-libstdcxx-abi=new --enable-gnu-unique-object --disable-vtable-verify --enable-plugin --enable-default-pie --with-system-zlib --with-target-system-zlib=auto --enable-multiarch --disable-werror --with-arch-32=i686 --with-abi=m64 --with-multilib-list=m32,m64,mx32 --enable-multilib --with-tune=generic --enable-offload-targets=nvptx-none,hsa --without-cuda-driver --enable-checking=release --build=x86_64-linux-gnu --host=x86_64-linux-gnu --target=x86_64-linux-gnu
Thread model: posix
gcc version 9.2.1 20191008 (Ubuntu 9.2.1-9ubuntu2) 
configure:3697: $? = 0
configure:3686: x86_64-linux-gnu-gcc -V >&5
x86_64-linux-gnu-gcc: error: unrecognized command line option '-V'
x86_64-linux-gnu-gcc: fatal error: no input files
compilation terminated.
configure:3697: $? = 1
configure:3686: x86_64-linux-gnu-gcc -qversion >&5
x86_64-linux-gnu-gcc: error: unrecognized command line option '-qversion'; did you mean '--version'?
x86_64-linux-gnu-gcc: fatal error: no input files
compilation terminated.
configure:3697: $? = 1
configure:3717: checking whether the C compiler works
configure:3739: x86_64-linux-gnu-gcc -fPIC -g -O3 -march=nocona   conftest.c  >&5
configure:3743: $? = 0
configure:3791: result: yes
configure:3794: checking for C compiler default output file name
configure:3796: result: a.out
configure:3802: checking for suffix of executables
configure:3809: x86_64-linux-gnu-gcc -o conftest -fPIC -g -O3 -march=nocona   conftest.c  >&5
configure:3813: $? = 0
configure:3835: result: 
configure:3857: checking whether we are cross compiling
configure:3865: x86_64-linux-gnu-gcc -o conftest -fPIC -g -O3 -march=nocona   conftest.c  >&5
configure:3869: $? = 0
configure:3876: ./conftest
configure:3880: $? = 0
configure:3868: result: no
configure:3873: checking for suffix of object files
configure:3895: x86_64-linux-gnu-gcc -c -fPIC -g -O3 -march=nocona  conftest.c >&5
configure:3899: $? = 0
configure:3920: result: o
configure:3924: checking whether we are using the GNU C compiler
configure:3943: x86_64-linux-gnu-gcc -c -fPIC -g -O3 -march=nocona  conftest.c >&5
configure:3943: $? = 0
configure:3952: result: yes
configure:3961: checking whether x86_64-linux-gnu-gcc accepts -g
configure:3981: x86_64-linux-gnu-gcc -c -g  conftest.c >&5
configure:3981: $? = 0
configure:4022: result: yes
configure:4039: checking for x86_64-linux-gnu-gcc option to accept ISO C89
configure:4102: x86_64-linux-gnu-gcc  -c -fPIC -g -O3 -march=nocona  conftest.c >&5
configure:4102: $? = 0
configure:4115: result: none needed
configure:4140: checking whether x86_64-linux-gnu-gcc understands -c and -o together
configure:4162: x86_64-linux-gnu-gcc -c conftest.c -o conftest2.o
configure:4165: $? = 0
configure:4162: x86_64-linux-gnu-gcc -c conftest.c -o conftest2.o
configure:4165: $? = 0
configure:4177: result: yes
configure:4205: checking for style of include used by make
configure:4233: result: GNU
configure:4259: checking dependency style of x86_64-linux-gnu-gcc
configure:4370: result: gcc3
configure:4400: checking for x86_64-linux-gnu-g++
configure:4416: found /usr/bin/x86_64-linux-gnu-g++
configure:4427: result: x86_64-linux-gnu-g++
configure:4498: checking for C++ compiler version
configure:4507: x86_64-linux-gnu-g++ --version >&5
x86_64-linux-gnu-g++ (Ubuntu 9.2.1-9ubuntu2) 9.2.1 20191008
Copyright (C) 2019 Free Software Foundation, Inc.
This is free software; see the source for copying conditions.  There is NO
warranty; not even for MERCHANTABILITY or FITNESS FOR A PARTICULAR PURPOSE.

configure:4518: $? = 0
configure:4507: x86_64-linux-gnu-g++ -v >&5
Using built-in specs.
COLLECT_GCC=x86_64-linux-gnu-g++
COLLECT_LTO_WRAPPER=/usr/lib/gcc/x86_64-linux-gnu/9/lto-wrapper
OFFLOAD_TARGET_NAMES=nvptx-none:hsa
OFFLOAD_TARGET_DEFAULT=1
Target: x86_64-linux-gnu
Configured with: ../src/configure -v --with-pkgversion='Ubuntu 9.2.1-9ubuntu2' --with-bugurl=file:///usr/share/doc/gcc-9/README.Bugs --enable-languages=c,ada,c++,go,brig,d,fortran,objc,obj-c++,gm2 --prefix=/usr --with-gcc-major-version-only --program-suffix=-9 --program-prefix=x86_64-linux-gnu- --enable-shared --enable-linker-build-id --libexecdir=/usr/lib --without-included-gettext --enable-threads=posix --libdir=/usr/lib --enable-nls --enable-bootstrap --enable-clocale=gnu --enable-libstdcxx-debug --enable-libstdcxx-time=yes --with-default-libstdcxx-abi=new --enable-gnu-unique-object --disable-vtable-verify --enable-plugin --enable-default-pie --with-system-zlib --with-target-system-zlib=auto --enable-multiarch --disable-werror --with-arch-32=i686 --with-abi=m64 --with-multilib-list=m32,m64,mx32 --enable-multilib --with-tune=generic --enable-offload-targets=nvptx-none,hsa --without-cuda-driver --enable-checking=release --build=x86_64-linux-gnu --host=x86_64-linux-gnu --target=x86_64-linux-gnu
Thread model: posix
gcc version 9.2.1 20191008 (Ubuntu 9.2.1-9ubuntu2) 
configure:4518: $? = 0
configure:4507: x86_64-linux-gnu-g++ -V >&5
x86_64-linux-gnu-g++: error: unrecognized command line option '-V'
x86_64-linux-gnu-g++: fatal error: no input files
compilation terminated.
configure:4518: $? = 1
configure:4507: x86_64-linux-gnu-g++ -qversion >&5
x86_64-linux-gnu-g++: error: unrecognized command line option '-qversion'; did you mean '--version'?
x86_64-linux-gnu-g++: fatal error: no input files
compilation terminated.
configure:4518: $? = 1
configure:4522: checking whether we are using the GNU C++ compiler
configure:4541: x86_64-linux-gnu-g++ -c -fPIC -g -O3 -march=nocona  conftest.cpp >&5
configure:4541: $? = 0
configure:4550: result: yes
configure:4559: checking whether x86_64-linux-gnu-g++ accepts -g
configure:4579: x86_64-linux-gnu-g++ -c -g  conftest.cpp >&5
configure:4579: $? = 0
configure:4620: result: yes
configure:4645: checking dependency style of x86_64-linux-gnu-g++
configure:4756: result: gcc3
configure:4771: checking for a sed that does not truncate output
configure:4835: result: /usr/bin/sed
configure:4889: checking how to print strings
configure:4916: result: printf
configure:4937: checking for a sed that does not truncate output
configure:5001: result: /usr/bin/sed
configure:5019: checking for grep that handles long lines and -e
configure:5077: result: /usr/bin/grep
configure:5082: checking for egrep
configure:5144: result: /usr/bin/grep -E
configure:5149: checking for fgrep
configure:5211: result: /usr/bin/grep -F
configure:5246: checking for ld used by x86_64-linux-gnu-gcc
configure:5313: result: /usr/bin/ld
configure:5320: checking if the linker (/usr/bin/ld) is GNU ld
configure:5335: result: yes
configure:5347: checking for BSD- or MS-compatible name lister (nm)
configure:5401: result: /usr/bin/x86_64-linux-gnu-nm -B
configure:5531: checking the name lister (/usr/bin/x86_64-linux-gnu-nm -B) interface
configure:5538: x86_64-linux-gnu-gcc -c -fPIC -g -O3 -march=nocona  conftest.c >&5
configure:5541: /usr/bin/x86_64-linux-gnu-nm -B "conftest.o"
configure:5544: output
0000000000000000 B some_variable
configure:5545: result: BSD nm
configure:5548: checking whether ln -s works
configure:5552: result: yes
configure:5560: checking the maximum length of command line arguments
configure:5691: result: 1572864
configure:5739: checking how to convert x86_64-unknown-linux-gnu file names to x86_64-pc-linux-gnu format
configure:5779: result: func_convert_file_noop
configure:5786: checking how to convert x86_64-unknown-linux-gnu file names to toolchain format
configure:5806: result: func_convert_file_noop
configure:5813: checking for /usr/bin/ld option to reload object files
configure:5820: result: -r
configure:5854: checking for x86_64-linux-gnu-objdump
configure:5870: found /usr/bin/x86_64-linux-gnu-objdump
configure:5881: result: x86_64-linux-gnu-objdump
configure:5953: checking how to recognize dependent libraries
configure:6153: result: pass_all
configure:6198: checking for x86_64-linux-gnu-dlltool
configure:6228: result: no
configure:6238: checking for dlltool
configure:6268: result: no
configure:6298: checking how to associate runtime and link libraries
configure:6325: result: printf %s\n
configure:6342: checking for x86_64-linux-gnu-ar
configure:6358: found /usr/bin/x86_64-linux-gnu-ar
configure:6369: result: x86_64-linux-gnu-ar
configure:6450: checking for archiver @FILE support
configure:6467: x86_64-linux-gnu-gcc -c -fPIC -g -O3 -march=nocona  conftest.c >&5
configure:6467: $? = 0
configure:6470: x86_64-linux-gnu-ar cru libconftest.a @conftest.lst >&5
x86_64-linux-gnu-ar: `u' modifier ignored since `D' is the default (see `U')
configure:6473: $? = 0
configure:6478: x86_64-linux-gnu-ar cru libconftest.a @conftest.lst >&5
x86_64-linux-gnu-ar: `u' modifier ignored since `D' is the default (see `U')
x86_64-linux-gnu-ar: conftest.o: No such file or directory
configure:6481: $? = 1
configure:6480: result: @
configure:6498: checking for x86_64-linux-gnu-strip
configure:6525: result: x86_64-linux-gnu-strip
configure:6597: checking for x86_64-linux-gnu-ranlib
configure:6613: found /usr/bin/x86_64-linux-gnu-ranlib
configure:6624: result: x86_64-linux-gnu-ranlib
configure:6766: checking command to parse /usr/bin/x86_64-linux-gnu-nm -B output from x86_64-linux-gnu-gcc object
configure:6919: x86_64-linux-gnu-gcc -c -fPIC -g -O3 -march=nocona  conftest.c >&5
configure:6922: $? = 0
configure:6926: /usr/bin/x86_64-linux-gnu-nm -B conftest.o \| sed -n -e 's/^.*[ ]\([ABCDGIRSTW][ABCDGIRSTW]*\)[ ][ ]*\([_A-Za-z][_A-Za-z0-9]*\)$/\1 \2 \2/p' | sed '/ __gnu_lto/d' \> conftest.nm
configure:6929: $? = 0
configure:6995: x86_64-linux-gnu-gcc -o conftest -fPIC -g -O3 -march=nocona   conftest.c conftstm.o >&5
configure:6998: $? = 0
configure:7036: result: ok
configure:7083: checking for sysroot
configure:7113: result: no
configure:7120: checking for a working dd
configure:7158: result: /usr/bin/dd
configure:7162: checking how to truncate binary pipes
configure:7177: result: /usr/bin/dd bs=4096 count=1
configure:7313: x86_64-linux-gnu-gcc -c -fPIC -g -O3 -march=nocona  conftest.c >&5
configure:7316: $? = 0
configure:7466: checking for x86_64-linux-gnu-mt
configure:7496: result: no
configure:7506: checking for mt
configure:7522: found /usr/bin/mt
configure:7533: result: mt
configure:7556: checking if mt is a manifest tool
configure:7562: mt '-?'
configure:7570: result: no
configure:8247: checking how to run the C preprocessor
configure:8278: x86_64-linux-gnu-gcc -E  conftest.c
configure:8278: $? = 0
configure:8292: x86_64-linux-gnu-gcc -E  conftest.c
conftest.c:11:10: fatal error: ac_nonexistent.h: No such file or directory
   11 | #include <ac_nonexistent.h>
      |          ^~~~~~~~~~~~~~~~~~
compilation terminated.
configure:8292: $? = 1
configure: failed program was:
| /* confdefs.h */
| #define PACKAGE_NAME "libsamplerate"
| #define PACKAGE_TARNAME "libsamplerate"
| #define PACKAGE_VERSION "0.1.9"
| #define PACKAGE_STRING "libsamplerate 0.1.9"
| #define PACKAGE_BUGREPORT "erikd@mega-nerd.com"
| #define PACKAGE_URL "http://www.mega-nerd.com/libsamplerate/"
| #define PACKAGE "libsamplerate"
| #define VERSION "0.1.9"
| /* end confdefs.h.  */
| #include <ac_nonexistent.h>
configure:8317: result: x86_64-linux-gnu-gcc -E
configure:8337: x86_64-linux-gnu-gcc -E  conftest.c
configure:8337: $? = 0
configure:8351: x86_64-linux-gnu-gcc -E  conftest.c
conftest.c:11:10: fatal error: ac_nonexistent.h: No such file or directory
   11 | #include <ac_nonexistent.h>
      |          ^~~~~~~~~~~~~~~~~~
compilation terminated.
configure:8351: $? = 1
configure: failed program was:
| /* confdefs.h */
| #define PACKAGE_NAME "libsamplerate"
| #define PACKAGE_TARNAME "libsamplerate"
| #define PACKAGE_VERSION "0.1.9"
| #define PACKAGE_STRING "libsamplerate 0.1.9"
| #define PACKAGE_BUGREPORT "erikd@mega-nerd.com"
| #define PACKAGE_URL "http://www.mega-nerd.com/libsamplerate/"
| #define PACKAGE "libsamplerate"
| #define VERSION "0.1.9"
| /* end confdefs.h.  */
| #include <ac_nonexistent.h>
configure:8380: checking for ANSI C header files
configure:8400: x86_64-linux-gnu-gcc -c -fPIC -g -O3 -march=nocona  conftest.c >&5
configure:8400: $? = 0
configure:8473: x86_64-linux-gnu-gcc -o conftest -fPIC -g -O3 -march=nocona   conftest.c  >&5
configure:8473: $? = 0
configure:8473: ./conftest
configure:8473: $? = 0
configure:8484: result: yes
configure:8497: checking for sys/types.h
configure:8497: x86_64-linux-gnu-gcc -c -fPIC -g -O3 -march=nocona  conftest.c >&5
configure:8497: $? = 0
configure:8497: result: yes
configure:8497: checking for sys/stat.h
configure:8497: x86_64-linux-gnu-gcc -c -fPIC -g -O3 -march=nocona  conftest.c >&5
configure:8497: $? = 0
configure:8497: result: yes
configure:8497: checking for stdlib.h
configure:8497: x86_64-linux-gnu-gcc -c -fPIC -g -O3 -march=nocona  conftest.c >&5
configure:8497: $? = 0
configure:8497: result: yes
configure:8497: checking for string.h
configure:8497: x86_64-linux-gnu-gcc -c -fPIC -g -O3 -march=nocona  conftest.c >&5
configure:8497: $? = 0
configure:8497: result: yes
configure:8497: checking for memory.h
configure:8497: x86_64-linux-gnu-gcc -c -fPIC -g -O3 -march=nocona  conftest.c >&5
configure:8497: $? = 0
configure:8497: result: yes
configure:8497: checking for strings.h
configure:8497: x86_64-linux-gnu-gcc -c -fPIC -g -O3 -march=nocona  conftest.c >&5
configure:8497: $? = 0
configure:8497: result: yes
configure:8497: checking for inttypes.h
configure:8497: x86_64-linux-gnu-gcc -c -fPIC -g -O3 -march=nocona  conftest.c >&5
configure:8497: $? = 0
configure:8497: result: yes
configure:8497: checking for stdint.h
configure:8497: x86_64-linux-gnu-gcc -c -fPIC -g -O3 -march=nocona  conftest.c >&5
configure:8497: $? = 0
configure:8497: result: yes
configure:8497: checking for unistd.h
configure:8497: x86_64-linux-gnu-gcc -c -fPIC -g -O3 -march=nocona  conftest.c >&5
configure:8497: $? = 0
configure:8497: result: yes
configure:8511: checking for dlfcn.h
configure:8511: x86_64-linux-gnu-gcc -c -fPIC -g -O3 -march=nocona  conftest.c >&5
configure:8511: $? = 0
configure:8511: result: yes
configure:8778: checking for objdir
configure:8793: result: .libs
configure:9057: checking if x86_64-linux-gnu-gcc supports -fno-rtti -fno-exceptions
configure:9075: x86_64-linux-gnu-gcc -c -fPIC -g -O3 -march=nocona  -fno-rtti -fno-exceptions conftest.c >&5
cc1: warning: command line option '-fno-rtti' is valid for C++/D/ObjC++ but not for C
configure:9079: $? = 0
configure:9092: result: no
configure:9450: checking for x86_64-linux-gnu-gcc option to produce PIC
configure:9457: result: -fPIC -DPIC
configure:9465: checking if x86_64-linux-gnu-gcc PIC flag -fPIC -DPIC works
configure:9483: x86_64-linux-gnu-gcc -c -fPIC -g -O3 -march=nocona  -fPIC -DPIC -DPIC conftest.c >&5
configure:9487: $? = 0
configure:9500: result: yes
configure:9529: checking if x86_64-linux-gnu-gcc static flag -static works
configure:9557: result: yes
configure:9572: checking if x86_64-linux-gnu-gcc supports -c -o file.o
configure:9593: x86_64-linux-gnu-gcc -c -fPIC -g -O3 -march=nocona  -o out/conftest2.o conftest.c >&5
configure:9597: $? = 0
configure:9619: result: yes
configure:9627: checking if x86_64-linux-gnu-gcc supports -c -o file.o
configure:9674: result: yes
configure:9707: checking whether the x86_64-linux-gnu-gcc linker (/usr/bin/ld -m elf_x86_64) supports shared libraries
configure:10970: result: yes
configure:11007: checking whether -lc should be explicitly linked in
configure:11015: x86_64-linux-gnu-gcc -c -fPIC -g -O3 -march=nocona  conftest.c >&5
configure:11018: $? = 0
configure:11033: x86_64-linux-gnu-gcc -shared  -fPIC -DPIC conftest.o  -v -Wl,-soname -Wl,conftest -o conftest 2\>\&1 \| /usr/bin/grep  -lc  \>/dev/null 2\>\&1
configure:11036: $? = 0
configure:11050: result: no
configure:11210: checking dynamic linker characteristics
configure:11791: x86_64-linux-gnu-gcc -o conftest -fPIC -g -O3 -march=nocona   -Wl,-rpath -Wl,/foo conftest.c  >&5
configure:11791: $? = 0
configure:12040: result: GNU/Linux ld.so
configure:12162: checking how to hardcode library paths into programs
configure:12187: result: immediate
configure:12735: checking whether stripping libraries is possible
configure:12740: result: yes
configure:12775: checking if libtool supports shared libraries
configure:12777: result: yes
configure:12780: checking whether to build shared libraries
configure:12805: result: yes
configure:12808: checking whether to build static libraries
configure:12812: result: yes
configure:9611: checking how to run the C++ preprocessor
configure:9638: x86_64-linux-gnu-g++ -E  conftest.cpp
configure:9638: $? = 0
configure:9652: x86_64-linux-gnu-g++ -E  conftest.cpp
conftest.cpp:23:10: fatal error: ac_nonexistent.h: No such file or directory
   23 | #include <ac_nonexistent.h>
      |          ^~~~~~~~~~~~~~~~~~
compilation terminated.
configure:9652: $? = 1
configure: failed program was:
| /* confdefs.h */
| #define PACKAGE_NAME "libsamplerate"
| #define PACKAGE_TARNAME "libsamplerate"
| #define PACKAGE_VERSION "0.1.9"
| #define PACKAGE_STRING "libsamplerate 0.1.9"
| #define PACKAGE_BUGREPORT "erikd@mega-nerd.com"
| #define PACKAGE_URL "http://www.mega-nerd.com/libsamplerate/"
| #define PACKAGE "libsamplerate"
| #define VERSION "0.1.9"
| #define STDC_HEADERS 1
| #define HAVE_SYS_TYPES_H 1
| #define HAVE_SYS_STAT_H 1
| #define HAVE_STDLIB_H 1
| #define HAVE_STRING_H 1
| #define HAVE_MEMORY_H 1
| #define HAVE_STRINGS_H 1
| #define HAVE_INTTYPES_H 1
| #define HAVE_STDINT_H 1
| #define HAVE_UNISTD_H 1
| #define HAVE_DLFCN_H 1
| #define LT_OBJDIR ".libs/"
| /* end confdefs.h.  */
| #include <ac_nonexistent.h>
configure:9677: result: x86_64-linux-gnu-g++ -E
configure:9697: x86_64-linux-gnu-g++ -E  conftest.cpp
configure:9697: $? = 0
configure:9711: x86_64-linux-gnu-g++ -E  conftest.cpp
conftest.cpp:23:10: fatal error: ac_nonexistent.h: No such file or directory
   23 | #include <ac_nonexistent.h>
      |          ^~~~~~~~~~~~~~~~~~
compilation terminated.
configure:9711: $? = 1
configure: failed program was:
| /* confdefs.h */
| #define PACKAGE_NAME "libsamplerate"
| #define PACKAGE_TARNAME "libsamplerate"
| #define PACKAGE_VERSION "0.1.9"
| #define PACKAGE_STRING "libsamplerate 0.1.9"
| #define PACKAGE_BUGREPORT "erikd@mega-nerd.com"
| #define PACKAGE_URL "http://www.mega-nerd.com/libsamplerate/"
| #define PACKAGE "libsamplerate"
| #define VERSION "0.1.9"
| #define STDC_HEADERS 1
| #define HAVE_SYS_TYPES_H 1
| #define HAVE_SYS_STAT_H 1
| #define HAVE_STDLIB_H 1
| #define HAVE_STRING_H 1
| #define HAVE_MEMORY_H 1
| #define HAVE_STRINGS_H 1
| #define HAVE_INTTYPES_H 1
| #define HAVE_STDINT_H 1
| #define HAVE_UNISTD_H 1
| #define HAVE_DLFCN_H 1
| #define LT_OBJDIR ".libs/"
| /* end confdefs.h.  */
| #include <ac_nonexistent.h>
configure:9873: checking for ld used by x86_64-linux-gnu-g++
configure:9940: result: /usr/bin/ld -m elf_x86_64
configure:9947: checking if the linker (/usr/bin/ld -m elf_x86_64) is GNU ld
configure:9962: result: yes
configure:10017: checking whether the x86_64-linux-gnu-g++ linker (/usr/bin/ld -m elf_x86_64) supports shared libraries
configure:11090: result: yes
configure:11126: x86_64-linux-gnu-g++ -c -fPIC -g -O3 -march=nocona  conftest.cpp >&5
configure:11129: $? = 0
configure:11610: checking for x86_64-linux-gnu-g++ option to produce PIC
configure:11617: result: -fPIC -DPIC
configure:11625: checking if x86_64-linux-gnu-g++ PIC flag -fPIC -DPIC works
configure:11643: x86_64-linux-gnu-g++ -c -fPIC -g -O3 -march=nocona  -fPIC -DPIC -DPIC conftest.cpp >&5
configure:11647: $? = 0
configure:11660: result: yes
configure:11683: checking if x86_64-linux-gnu-g++ static flag -static works
configure:11711: result: yes
configure:11723: checking if x86_64-linux-gnu-g++ supports -c -o file.o
configure:11744: x86_64-linux-gnu-g++ -c -fPIC -g -O3 -march=nocona  -o out/conftest2.o conftest.cpp >&5
configure:11748: $? = 0
configure:11770: result: yes
configure:11775: checking if x86_64-linux-gnu-g++ supports -c -o file.o
configure:11822: result: yes
configure:11852: checking whether the x86_64-linux-gnu-g++ linker (/usr/bin/ld -m elf_x86_64) supports shared libraries
configure:11895: result: yes
configure:12036: checking dynamic linker characteristics
configure:12793: result: GNU/Linux ld.so
configure:12858: checking how to hardcode library paths into programs
configure:12883: result: immediate
configure:11778: checking for x86_64-linux-gnu-windres
configure:11808: result: no
configure:11818: checking for windres
configure:11848: result: no
configure:11946: checking whether ln -s works
configure:11950: result: yes
configure:11980: checking whether make sets $(MAKE)
configure:12002: result: yes
configure:12011: checking whether ln -s works
configure:12015: result: yes
configure:12138: checking for ANSI C header files
configure:12242: result: yes
configure:12254: checking for stdint.h
configure:12254: result: yes
configure:12254: checking sys/times.h usability
configure:12254: x86_64-linux-gnu-gcc -c -fPIC -g -O3 -march=nocona  conftest.c >&5
configure:12254: $? = 0
configure:12254: result: yes
configure:12254: checking sys/times.h presence
configure:12254: x86_64-linux-gnu-gcc -E  conftest.c
configure:12254: $? = 0
configure:12254: result: yes
configure:12254: checking for sys/times.h
configure:12254: result: yes
configure:12320: checking size of int
configure:12325: x86_64-linux-gnu-gcc -o conftest -fPIC -g -O3 -march=nocona   conftest.c  >&5
configure:12325: $? = 0
configure:12325: ./conftest
configure:12325: $? = 0
configure:12339: result: 4
configure:12353: checking size of long
configure:12358: x86_64-linux-gnu-gcc -o conftest -fPIC -g -O3 -march=nocona   conftest.c  >&5
configure:12358: $? = 0
configure:12358: ./conftest
configure:12358: $? = 0
configure:12372: result: 8
configure:12386: checking size of float
configure:12391: x86_64-linux-gnu-gcc -o conftest -fPIC -g -O3 -march=nocona   conftest.c  >&5
configure:12391: $? = 0
configure:12391: ./conftest
configure:12391: $? = 0
configure:12405: result: 4
configure:12419: checking size of double
configure:12424: x86_64-linux-gnu-gcc -o conftest -fPIC -g -O3 -march=nocona   conftest.c  >&5
configure:12424: $? = 0
configure:12424: ./conftest
configure:12424: $? = 0
configure:12438: result: 8
configure:12452: checking processor byte ordering
configure:12531: x86_64-linux-gnu-gcc -o conftest -fPIC -g -O3 -march=nocona   conftest.c  >&5
configure:12531: $? = 0
configure:12549: x86_64-linux-gnu-gcc -o conftest -fPIC -g -O3 -march=nocona   conftest.c  >&5
configure:12549: $? = 0
configure:12573: x86_64-linux-gnu-gcc -o conftest -fPIC -g -O3 -march=nocona   conftest.c  >&5
configure:12573: $? = 0
configure:12666: result: little
configure:12711: checking for malloc
configure:12711: x86_64-linux-gnu-gcc -o conftest -fPIC -g -O3 -march=nocona   conftest.c  >&5
conftest.c:55:6: warning: conflicting types for built-in function 'malloc'; expected 'void *(long unsigned int)' [-Wbuiltin-declaration-mismatch]
   55 | char malloc ();
      |      ^~~~~~
conftest.c:43:1: note: 'malloc' is declared in header '<stdlib.h>'
   42 | # include <limits.h>
   43 | #else
configure:12711: $? = 0
configure:12711: result: yes
configure:12711: checking for calloc
configure:12711: x86_64-linux-gnu-gcc -o conftest -fPIC -g -O3 -march=nocona   conftest.c  >&5
conftest.c:56:6: warning: conflicting types for built-in function 'calloc'; expected 'void *(long unsigned int,  long unsigned int)' [-Wbuiltin-declaration-mismatch]
   56 | char calloc ();
      |      ^~~~~~
conftest.c:44:1: note: 'calloc' is declared in header '<stdlib.h>'
   43 | # include <limits.h>
   44 | #else
configure:12711: $? = 0
configure:12711: result: yes
configure:12711: checking for free
configure:12711: x86_64-linux-gnu-gcc -o conftest -fPIC -g -O3 -march=nocona   conftest.c  >&5
conftest.c:57:6: warning: conflicting types for built-in function 'free'; expected 'void(void *)' [-Wbuiltin-declaration-mismatch]
   57 | char free ();
      |      ^~~~
conftest.c:45:1: note: 'free' is declared in header '<stdlib.h>'
   44 | # include <limits.h>
   45 | #else
configure:12711: $? = 0
configure:12711: result: yes
configure:12711: checking for memcpy
configure:12711: x86_64-linux-gnu-gcc -o conftest -fPIC -g -O3 -march=nocona   conftest.c  >&5
conftest.c:58:6: warning: conflicting types for built-in function 'memcpy'; expected 'void *(void *, const void *, long unsigned int)' [-Wbuiltin-declaration-mismatch]
   58 | char memcpy ();
      |      ^~~~~~
conftest.c:46:1: note: 'memcpy' is declared in header '<string.h>'
   45 | # include <limits.h>
   46 | #else
configure:12711: $? = 0
configure:12711: result: yes
configure:12711: checking for memmove
configure:12711: x86_64-linux-gnu-gcc -o conftest -fPIC -g -O3 -march=nocona   conftest.c  >&5
conftest.c:59:6: warning: conflicting types for built-in function 'memmove'; expected 'void *(void *, const void *, long unsigned int)' [-Wbuiltin-declaration-mismatch]
   59 | char memmove ();
      |      ^~~~~~~
conftest.c:47:1: note: 'memmove' is declared in header '<string.h>'
   46 | # include <limits.h>
   47 | #else
configure:12711: $? = 0
configure:12711: result: yes
configure:12711: checking for alarm
configure:12711: x86_64-linux-gnu-gcc -o conftest -fPIC -g -O3 -march=nocona   conftest.c  >&5
configure:12711: $? = 0
configure:12711: result: yes
configure:12711: checking for signal
configure:12711: x86_64-linux-gnu-gcc -o conftest -fPIC -g -O3 -march=nocona   conftest.c  >&5
configure:12711: $? = 0
configure:12711: result: yes
configure:12721: checking for floor in -lm
configure:12746: x86_64-linux-gnu-gcc -o conftest -fPIC -g -O3 -march=nocona   conftest.c -lm   >&5
conftest.c:46:6: warning: conflicting types for built-in function 'floor'; expected 'double(double)' [-Wbuiltin-declaration-mismatch]
   46 | char floor ();
      |      ^~~~~
conftest.c:1:1: note: 'floor' is declared in header '<math.h>'
    1 | /* confdefs.h */
configure:12746: $? = 0
configure:12755: result: yes
configure:12769: checking for floor
configure:12769: x86_64-linux-gnu-gcc -o conftest -fPIC -g -O3 -march=nocona   conftest.c -lm  >&5
conftest.c:63:6: warning: conflicting types for built-in function 'floor'; expected 'double(double)' [-Wbuiltin-declaration-mismatch]
   63 | char floor ();
      |      ^~~~~
conftest.c:51:1: note: 'floor' is declared in header '<math.h>'
   50 | # include <limits.h>
   51 | #else
configure:12769: $? = 0
configure:12769: result: yes
configure:12769: checking for ceil
configure:12769: x86_64-linux-gnu-gcc -o conftest -fPIC -g -O3 -march=nocona   conftest.c -lm  >&5
conftest.c:64:6: warning: conflicting types for built-in function 'ceil'; expected 'double(double)' [-Wbuiltin-declaration-mismatch]
   64 | char ceil ();
      |      ^~~~
conftest.c:52:1: note: 'ceil' is declared in header '<math.h>'
   51 | # include <limits.h>
   52 | #else
configure:12769: $? = 0
configure:12769: result: yes
configure:12769: checking for fmod
configure:12769: x86_64-linux-gnu-gcc -o conftest -fPIC -g -O3 -march=nocona   conftest.c -lm  >&5
conftest.c:65:6: warning: conflicting types for built-in function 'fmod'; expected 'double(double,  double)' [-Wbuiltin-declaration-mismatch]
   65 | char fmod ();
      |      ^~~~
conftest.c:53:1: note: 'fmod' is declared in header '<math.h>'
   52 | # include <limits.h>
   53 | #else
configure:12769: $? = 0
configure:12769: result: yes
configure:12779: checking for SIGALRM
configure:12799: x86_64-linux-gnu-gcc -o conftest -fPIC -g -O3 -march=nocona   conftest.c -lm  >&5
configure:12799: $? = 0
configure:12809: result: yes
configure:12819: checking for lrint
configure:12845: x86_64-linux-gnu-gcc -o conftest -lm   conftest.c -lm  >&5
configure:12845: $? = 0
configure:12857: result: yes
configure:12866: checking for lrintf
configure:12892: x86_64-linux-gnu-gcc -o conftest -lm   conftest.c -lm  >&5
configure:12892: $? = 0
configure:12904: result: yes
configure:12930: checking processor clipping capabilities
configure:12970: x86_64-linux-gnu-gcc -o conftest -fPIC -g -O3 -march=nocona   conftest.c -lm  >&5
configure:12970: $? = 0
configure:12970: ./conftest
configure:12970: $? = 1
configure: program exited with status 1
configure: failed program was:
| /* confdefs.h */
| #define PACKAGE_NAME "libsamplerate"
| #define PACKAGE_TARNAME "libsamplerate"
| #define PACKAGE_VERSION "0.1.9"
| #define PACKAGE_STRING "libsamplerate 0.1.9"
| #define PACKAGE_BUGREPORT "erikd@mega-nerd.com"
| #define PACKAGE_URL "http://www.mega-nerd.com/libsamplerate/"
| #define PACKAGE "libsamplerate"
| #define VERSION "0.1.9"
| #define STDC_HEADERS 1
| #define HAVE_SYS_TYPES_H 1
| #define HAVE_SYS_STAT_H 1
| #define HAVE_STDLIB_H 1
| #define HAVE_STRING_H 1
| #define HAVE_MEMORY_H 1
| #define HAVE_STRINGS_H 1
| #define HAVE_INTTYPES_H 1
| #define HAVE_STDINT_H 1
| #define HAVE_UNISTD_H 1
| #define HAVE_DLFCN_H 1
| #define LT_OBJDIR ".libs/"
| #define STDC_HEADERS 1
| #define HAVE_STDINT_H 1
| #define HAVE_SYS_TIMES_H 1
| #define SIZEOF_INT 4
| #define SIZEOF_LONG 8
| #define SIZEOF_FLOAT 4
| #define SIZEOF_DOUBLE 8
| #define CPU_IS_BIG_ENDIAN 0
| #define CPU_IS_LITTLE_ENDIAN 1
| #define HAVE_MALLOC 1
| #define HAVE_CALLOC 1
| #define HAVE_FREE 1
| #define HAVE_MEMCPY 1
| #define HAVE_MEMMOVE 1
| #define HAVE_ALARM 1
| #define HAVE_SIGNAL 1
| #define HAVE_LIBM 1
| #define HAVE_FLOOR 1
| #define HAVE_CEIL 1
| #define HAVE_FMOD 1
| #define HAVE_SIGALRM 1
| #define HAVE_LRINT 1
| #define HAVE_LRINTF 1
| /* end confdefs.h.  */
| 
| 	#define	_ISOC9X_SOURCE	1
| 	#define _ISOC99_SOURCE	1
| 	#define	__USE_ISOC99	1
| 	#define __USE_ISOC9X	1
| 	#include <math.h>
| 	int main (void)
| 	{	double	fval ;
| 		int k, ival ;
| 
| 		fval = 1.0 * 0x7FFFFFFF ;
| 		for (k = 0 ; k < 100 ; k++)
| 		{	ival = (lrint (fval)) >> 24 ;
| 			if (ival != 127)
| 				return 1 ;
| 
| 			fval *= 1.2499999 ;
| 			} ;
| 
| 			return 0 ;
| 		}
| 
configure:13009: x86_64-linux-gnu-gcc -o conftest -fPIC -g -O3 -march=nocona   conftest.c -lm  >&5
configure:13009: $? = 0
configure:13009: ./conftest
configure:13009: $? = 1
configure: program exited with status 1
configure: failed program was:
| /* confdefs.h */
| #define PACKAGE_NAME "libsamplerate"
| #define PACKAGE_TARNAME "libsamplerate"
| #define PACKAGE_VERSION "0.1.9"
| #define PACKAGE_STRING "libsamplerate 0.1.9"
| #define PACKAGE_BUGREPORT "erikd@mega-nerd.com"
| #define PACKAGE_URL "http://www.mega-nerd.com/libsamplerate/"
| #define PACKAGE "libsamplerate"
| #define VERSION "0.1.9"
| #define STDC_HEADERS 1
| #define HAVE_SYS_TYPES_H 1
| #define HAVE_SYS_STAT_H 1
| #define HAVE_STDLIB_H 1
| #define HAVE_STRING_H 1
| #define HAVE_MEMORY_H 1
| #define HAVE_STRINGS_H 1
| #define HAVE_INTTYPES_H 1
| #define HAVE_STDINT_H 1
| #define HAVE_UNISTD_H 1
| #define HAVE_DLFCN_H 1
| #define LT_OBJDIR ".libs/"
| #define STDC_HEADERS 1
| #define HAVE_STDINT_H 1
| #define HAVE_SYS_TIMES_H 1
| #define SIZEOF_INT 4
| #define SIZEOF_LONG 8
| #define SIZEOF_FLOAT 4
| #define SIZEOF_DOUBLE 8
| #define CPU_IS_BIG_ENDIAN 0
| #define CPU_IS_LITTLE_ENDIAN 1
| #define HAVE_MALLOC 1
| #define HAVE_CALLOC 1
| #define HAVE_FREE 1
| #define HAVE_MEMCPY 1
| #define HAVE_MEMMOVE 1
| #define HAVE_ALARM 1
| #define HAVE_SIGNAL 1
| #define HAVE_LIBM 1
| #define HAVE_FLOOR 1
| #define HAVE_CEIL 1
| #define HAVE_FMOD 1
| #define HAVE_SIGALRM 1
| #define HAVE_LRINT 1
| #define HAVE_LRINTF 1
| /* end confdefs.h.  */
| 
| 	#define	_ISOC9X_SOURCE	1
| 	#define _ISOC99_SOURCE	1
| 	#define	__USE_ISOC99	1
| 	#define __USE_ISOC9X	1
| 	#include <math.h>
| 	int main (void)
| 	{	double	fval ;
| 		int k, ival ;
| 
| 		fval = -8.0 * 0x10000000 ;
| 		for (k = 0 ; k < 100 ; k++)
| 		{	ival = (lrint (fval)) >> 24 ;
| 			if (ival != -128)
| 				return 1 ;
| 
| 			fval *= 1.2499999 ;
| 			} ;
| 
| 			return 0 ;
| 		}
| 
configure:13051: result: none
configure:13096: checking for x86_64-linux-gnu-pkg-config
configure:13114: found /usr/bin/x86_64-linux-gnu-pkg-config
configure:13126: result: /usr/bin/x86_64-linux-gnu-pkg-config
configure:13194: checking pkg-config is at least version 0.9.0
configure:13197: result: yes
configure:13209: checking for SNDFILE
configure:13216: $PKG_CONFIG --exists --print-errors "sndfile >= 1.0.6"
configure:13219: $? = 0
configure:13233: $PKG_CONFIG --exists --print-errors "sndfile >= 1.0.6"
configure:13236: $? = 0
configure:13274: result: yes
configure:13304: checking alsa/asoundlib.h usability
configure:13304: x86_64-linux-gnu-gcc -c -fPIC -g -O3 -march=nocona  conftest.c >&5
configure:13304: $? = 0
configure:13304: result: yes
configure:13304: checking alsa/asoundlib.h presence
configure:13304: x86_64-linux-gnu-gcc -E  conftest.c
configure:13304: $? = 0
configure:13304: result: yes
configure:13304: checking for alsa/asoundlib.h
configure:13304: result: yes
configure:13326: checking for FFTW3
configure:13333: $PKG_CONFIG --exists --print-errors "fftw3 >= 0.15.0"
Package fftw3 was not found in the pkg-config search path.
Perhaps you should add the directory containing `fftw3.pc'
to the PKG_CONFIG_PATH environment variable
No package 'fftw3' found
configure:13336: $? = 1
configure:13350: $PKG_CONFIG --exists --print-errors "fftw3 >= 0.15.0"
Package fftw3 was not found in the pkg-config search path.
Perhaps you should add the directory containing `fftw3.pc'
to the PKG_CONFIG_PATH environment variable
No package 'fftw3' found
configure:13353: $? = 1
configure:13367: result: no
No package 'fftw3' found
configure:13619: checking that generated files are newer than configure
configure:13625: result: done
configure:13652: creating ./config.status

## ---------------------- ##
## Running config.status. ##
## ---------------------- ##

This file was extended by libsamplerate config.status 0.1.9, which was
generated by GNU Autoconf 2.69.  Invocation command line was

  CONFIG_FILES    = 
  CONFIG_HEADERS  = 
  CONFIG_LINKS    = 
  CONFIG_COMMANDS = 
  $ ./config.status 

on ThinkPad-X270-W10DG

config.status:1261: creating Makefile
config.status:1261: creating M4/Makefile
config.status:1261: creating src/Version_script
config.status:1261: creating Win32/Makefile
config.status:1261: creating Win32/Makefile.mingw
config.status:1261: creating src/Makefile
config.status:1261: creating examples/Makefile
config.status:1261: creating tests/Makefile
config.status:1261: creating doc/Makefile
config.status:1261: creating libsamplerate.spec
config.status:1261: creating samplerate.pc
config.status:1261: creating src/config.h
config.status:1490: executing depfiles commands
config.status:1490: executing libtool commands
configure:16322: result:
-=-=-=-=-=-=-=-=-=-= Configuration Complete =-=-=-=-=-=-=-=-=-=-=-

  Configuration summary :

    Version : ..................... 0.1.9

    Host CPU : .................... x86_64
    Host Vendor : ................. pc
    Host OS : ..................... linux-gnu

configure:16344: result:
  Extra tools required for testing and examples :

    Have FFTW : ................... no
configure:16350: result:     Have libsndfile : ............. yes
configure:16353: result:     Have ALSA : ................... yes

configure:16362: result:   Installation directories :

    Library directory : ........... /home/gweltaz/Rack-SDK/plugins/Gweltou/dep/lib
    Program directory : ........... /home/gweltaz/Rack-SDK/plugins/Gweltou/dep/bin
    Pkgconfig directory : ......... /home/gweltaz/Rack-SDK/plugins/Gweltou/dep/lib/pkgconfig


## ---------------- ##
## Cache variables. ##
## ---------------- ##

ac_cv_build=x86_64-unknown-linux-gnu
ac_cv_c99_lrint=yes
ac_cv_c99_lrintf=yes
ac_cv_c_big_endian=0
ac_cv_c_byte_order=little
ac_cv_c_clip_negative=0
ac_cv_c_clip_positive=0
ac_cv_c_clip_type=none
ac_cv_c_compiler_gnu=yes
ac_cv_c_little_endian=1
ac_cv_cxx_compiler_gnu=yes
ac_cv_env_CCC_set=
ac_cv_env_CCC_value=
ac_cv_env_CC_set=
ac_cv_env_CC_value=
ac_cv_env_CFLAGS_set=set
ac_cv_env_CFLAGS_value='-fPIC -g -O3 -march=nocona'
ac_cv_env_CPPFLAGS_set=
ac_cv_env_CPPFLAGS_value=
ac_cv_env_CPP_set=
ac_cv_env_CPP_value=
ac_cv_env_CXXCPP_set=
ac_cv_env_CXXCPP_value=
ac_cv_env_CXXFLAGS_set=set
ac_cv_env_CXXFLAGS_value='-fPIC -g -O3 -march=nocona'
ac_cv_env_CXX_set=
ac_cv_env_CXX_value=
ac_cv_env_FFTW3_CFLAGS_set=
ac_cv_env_FFTW3_CFLAGS_value=
ac_cv_env_FFTW3_LIBS_set=
ac_cv_env_FFTW3_LIBS_value=
ac_cv_env_LDFLAGS_set=set
ac_cv_env_LDFLAGS_value=
ac_cv_env_LIBS_set=
ac_cv_env_LIBS_value=
ac_cv_env_LT_SYS_LIBRARY_PATH_set=
ac_cv_env_LT_SYS_LIBRARY_PATH_value=
ac_cv_env_PKG_CONFIG_LIBDIR_set=
ac_cv_env_PKG_CONFIG_LIBDIR_value=
ac_cv_env_PKG_CONFIG_PATH_set=
ac_cv_env_PKG_CONFIG_PATH_value=
ac_cv_env_PKG_CONFIG_set=
ac_cv_env_PKG_CONFIG_value=
ac_cv_env_SNDFILE_CFLAGS_set=
ac_cv_env_SNDFILE_CFLAGS_value=
ac_cv_env_SNDFILE_LIBS_set=
ac_cv_env_SNDFILE_LIBS_value=
ac_cv_env_build_alias_set=
ac_cv_env_build_alias_value=
ac_cv_env_host_alias_set=set
ac_cv_env_host_alias_value=x86_64-linux-gnu
ac_cv_env_target_alias_set=
ac_cv_env_target_alias_value=
ac_cv_fftw3=no
ac_cv_func_alarm=yes
ac_cv_func_calloc=yes
ac_cv_func_ceil=yes
ac_cv_func_floor=yes
ac_cv_func_fmod=yes
ac_cv_func_free=yes
ac_cv_func_malloc=yes
ac_cv_func_memcpy=yes
ac_cv_func_memmove=yes
ac_cv_func_signal=yes
ac_cv_header_alsa_asoundlib_h=yes
ac_cv_header_dlfcn_h=yes
ac_cv_header_inttypes_h=yes
ac_cv_header_memory_h=yes
ac_cv_header_stdc=yes
ac_cv_header_stdint_h=yes
ac_cv_header_stdlib_h=yes
ac_cv_header_string_h=yes
ac_cv_header_strings_h=yes
ac_cv_header_sys_stat_h=yes
ac_cv_header_sys_times_h=yes
ac_cv_header_sys_types_h=yes
ac_cv_header_unistd_h=yes
ac_cv_host=x86_64-pc-linux-gnu
ac_cv_lib_m_floor=yes
ac_cv_objext=o
ac_cv_path_EGREP='/usr/bin/grep -E'
ac_cv_path_FGREP='/usr/bin/grep -F'
ac_cv_path_GREP=/usr/bin/grep
ac_cv_path_PKG_CONFIG=/usr/bin/x86_64-linux-gnu-pkg-config
ac_cv_path_SED=/usr/bin/sed
ac_cv_path_install='/usr/bin/install -c'
ac_cv_path_lt_DD=/usr/bin/dd
ac_cv_path_mkdir=/usr/bin/mkdir
ac_cv_prog_AR=x86_64-linux-gnu-ar
ac_cv_prog_AWK=gawk
ac_cv_prog_CC=x86_64-linux-gnu-gcc
ac_cv_prog_CPP='x86_64-linux-gnu-gcc -E'
ac_cv_prog_CXX=x86_64-linux-gnu-g++
ac_cv_prog_CXXCPP='x86_64-linux-gnu-g++ -E'
ac_cv_prog_OBJDUMP=x86_64-linux-gnu-objdump
ac_cv_prog_RANLIB=x86_64-linux-gnu-ranlib
ac_cv_prog_STRIP=x86_64-linux-gnu-strip
ac_cv_prog_ac_ct_MANIFEST_TOOL=mt
ac_cv_prog_cc_c89=
ac_cv_prog_cc_g=yes
ac_cv_prog_cxx_g=yes
ac_cv_prog_make_make_set=yes
ac_cv_signal_SIGALRM=yes
ac_cv_sizeof_double=8
ac_cv_sizeof_float=4
ac_cv_sizeof_int=4
ac_cv_sizeof_long=8
ac_cv_sndfile=yes
ac_cv_target=x86_64-pc-linux-gnu
am_cv_CC_dependencies_compiler_type=gcc3
am_cv_CXX_dependencies_compiler_type=gcc3
am_cv_make_support_nested_variables=yes
am_cv_prog_cc_c_o=yes
lt_cv_ar_at_file=@
lt_cv_archive_cmds_need_lc=no
lt_cv_deplibs_check_method=pass_all
lt_cv_file_magic_cmd='$MAGIC_CMD'
lt_cv_file_magic_test_file=
lt_cv_ld_reload_flag=-r
lt_cv_nm_interface='BSD nm'
lt_cv_objdir=.libs
lt_cv_path_LD=/usr/bin/ld
lt_cv_path_LDCXX='/usr/bin/ld -m elf_x86_64'
lt_cv_path_NM='/usr/bin/x86_64-linux-gnu-nm -B'
lt_cv_path_mainfest_tool=no
lt_cv_prog_compiler_c_o=yes
lt_cv_prog_compiler_c_o_CXX=yes
lt_cv_prog_compiler_c_o_RC=yes
lt_cv_prog_compiler_pic='-fPIC -DPIC'
lt_cv_prog_compiler_pic_CXX='-fPIC -DPIC'
lt_cv_prog_compiler_pic_works=yes
lt_cv_prog_compiler_pic_works_CXX=yes
lt_cv_prog_compiler_rtti_exceptions=no
lt_cv_prog_compiler_static_works=yes
lt_cv_prog_compiler_static_works_CXX=yes
lt_cv_prog_gnu_ld=yes
lt_cv_prog_gnu_ldcxx=yes
lt_cv_sharedlib_from_linklib_cmd='printf %s\n'
lt_cv_shlibpath_overrides_runpath=yes
lt_cv_sys_global_symbol_pipe='sed -n -e '\''s/^.*[	 ]\([ABCDGIRSTW][ABCDGIRSTW]*\)[	 ][	 ]*\([_A-Za-z][_A-Za-z0-9]*\)$/\1 \2 \2/p'\'' | sed '\''/ __gnu_lto/d'\'''
lt_cv_sys_global_symbol_to_c_name_address='sed -n -e '\''s/^: \(.*\) .*$/  {"\1", (void *) 0},/p'\'' -e '\''s/^[ABCDGIRSTW][ABCDGIRSTW]* .* \(.*\)$/  {"\1", (void *) \&\1},/p'\'''
lt_cv_sys_global_symbol_to_c_name_address_lib_prefix='sed -n -e '\''s/^: \(.*\) .*$/  {"\1", (void *) 0},/p'\'' -e '\''s/^[ABCDGIRSTW][ABCDGIRSTW]* .* \(lib.*\)$/  {"\1", (void *) \&\1},/p'\'' -e '\''s/^[ABCDGIRSTW][ABCDGIRSTW]* .* \(.*\)$/  {"lib\1", (void *) \&\1},/p'\'''
lt_cv_sys_global_symbol_to_cdecl='sed -n -e '\''s/^T .* \(.*\)$/extern int \1();/p'\'' -e '\''s/^[ABCDGIRSTW][ABCDGIRSTW]* .* \(.*\)$/extern char \1;/p'\'''
lt_cv_sys_global_symbol_to_import=
lt_cv_sys_max_cmd_len=1572864
lt_cv_to_host_file_cmd=func_convert_file_noop
lt_cv_to_tool_file_cmd=func_convert_file_noop
lt_cv_truncate_bin='/usr/bin/dd bs=4096 count=1'
pkg_cv_SNDFILE_CFLAGS=
pkg_cv_SNDFILE_LIBS=-lsndfile

## ----------------- ##
## Output variables. ##
## ----------------- ##

ACLOCAL='aclocal-1.15'
ACLOCAL_AMFLAGS='-I M4'
ALSA_LIBS='-lasound'
AMDEPBACKSLASH='\'
AMDEP_FALSE='#'
AMDEP_TRUE=''
AMTAR='$${TAR-tar}'
AM_BACKSLASH='\'
AM_DEFAULT_V='$(AM_DEFAULT_VERBOSITY)'
AM_DEFAULT_VERBOSITY='0'
AM_V='$(V)'
AR='x86_64-linux-gnu-ar'
AUTOCONF='autoconf'
AUTOHEADER='autoheader'
AUTOMAKE='automake-1.15'
AWK='gawk'
CC='x86_64-linux-gnu-gcc'
CCDEPMODE='depmode=gcc3'
CFLAGS='-fPIC -g -O3 -march=nocona -std=gnu99 -W -Wstrict-prototypes -Wmissing-prototypes -Wall -Waggregate-return -Wcast-align -Wcast-qual -Wnested-externs -Wshadow -Wpointer-arith -pipe'
COMPILER_IS_GCC=''
CPP='x86_64-linux-gnu-gcc -E'
CPPFLAGS=''
CXX='x86_64-linux-gnu-g++'
CXXCPP='x86_64-linux-gnu-g++ -E'
CXXDEPMODE='depmode=gcc3'
CXXFLAGS='-fPIC -g -O3 -march=nocona'
CYGPATH_W='echo'
DEFS='-DHAVE_CONFIG_H'
DEPDIR='.deps'
DLLTOOL='false'
DLLWRAP=''
DSYMUTIL=''
DUMPBIN=''
ECHO_C=''
ECHO_N='-n'
ECHO_T=''
EGREP='/usr/bin/grep -E'
EXEEXT=''
FFTW3_CFLAGS=''
FFTW3_LIBS=''
FGREP='/usr/bin/grep -F'
GCC_MAJOR_VERSION='9'
GREP='/usr/bin/grep'
HAVE_FFTW3='0'
HAVE_SNDFILE='1'
INSTALL_DATA='${INSTALL} -m 644'
INSTALL_PROGRAM='${INSTALL}'
INSTALL_SCRIPT='${INSTALL}'
INSTALL_STRIP_PROGRAM='$(install_sh) -c -s'
LD='/usr/bin/ld -m elf_x86_64'
LDFLAGS=''
LIBOBJS=''
LIBS='-lm '
LIBTOOL='$(SHELL) $(top_builddir)/libtool'
LIPO=''
LN_S='ln -s'
LTLIBOBJS=''
LT_SYS_LIBRARY_PATH=''
MAKEINFO='makeinfo'
MANIFEST_TOOL=':'
MKDIR_P='/usr/bin/mkdir -p'
NM='/usr/bin/x86_64-linux-gnu-nm -B'
NMEDIT=''
OBJDUMP='x86_64-linux-gnu-objdump'
OBJEXT='o'
OS_SPECIFIC_INCLUDES=''
OS_SPECIFIC_LINKS=''
OTOOL64=''
OTOOL=''
PACKAGE='libsamplerate'
PACKAGE_BUGREPORT='erikd@mega-nerd.com'
PACKAGE_NAME='libsamplerate'
PACKAGE_STRING='libsamplerate 0.1.9'
PACKAGE_TARNAME='libsamplerate'
PACKAGE_URL='http://www.mega-nerd.com/libsamplerate/'
PACKAGE_VERSION='0.1.9'
PATH_SEPARATOR=':'
PEXPORTS=''
PKG_CONFIG='/usr/bin/x86_64-linux-gnu-pkg-config'
PKG_CONFIG_LIBDIR=''
PKG_CONFIG_PATH=''
RANLIB='x86_64-linux-gnu-ranlib'
RC=''
SED='/usr/bin/sed'
SET_MAKE=''
SHARED_VERSION_INFO='1:8:1'
SHELL='/bin/bash'
SHLIB_VERSION_ARG='-Wl,--version-script=Version_script'
SNDFILE_CFLAGS=''
SNDFILE_LIBS='-lsndfile'
STRIP='x86_64-linux-gnu-strip'
VERSION='0.1.9'
ac_ct_AR=''
ac_ct_CC=''
ac_ct_CXX=''
ac_ct_DUMPBIN=''
am__EXEEXT_FALSE=''
am__EXEEXT_TRUE='#'
am__fastdepCC_FALSE='#'
am__fastdepCC_TRUE=''
am__fastdepCXX_FALSE='#'
am__fastdepCXX_TRUE=''
am__include='include'
am__isrc=''
am__leading_dot='.'
am__nodep='_no'
am__quote=''
am__tar='$${TAR-tar} chof - "$$tardir"'
am__untar='$${TAR-tar} xf -'
bindir='${exec_prefix}/bin'
build='x86_64-unknown-linux-gnu'
build_alias=''
build_cpu='x86_64'
build_os='linux-gnu'
build_vendor='unknown'
datadir='${datarootdir}'
datarootdir='${prefix}/share'
docdir='${datarootdir}/doc/${PACKAGE_TARNAME}'
dvidir='${docdir}'
exec_prefix='${prefix}'
host='x86_64-pc-linux-gnu'
host_alias='x86_64-linux-gnu'
host_cpu='x86_64'
host_os='linux-gnu'
host_vendor='pc'
htmldir='${docdir}'
htmldocdir='/home/gweltaz/Rack-SDK/plugins/Gweltou/dep/share/doc/libsamplerate0-dev/html'
includedir='${prefix}/include'
infodir='${datarootdir}/info'
install_sh='${SHELL} /home/gweltaz/Rack-SDK/plugins/Gweltou/dep/libsamplerate-0.1.9/Cfg/install-sh'
libdir='${exec_prefix}/lib'
libexecdir='${exec_prefix}/libexec'
localedir='${datarootdir}/locale'
localstatedir='${prefix}/var'
mandir='${datarootdir}/man'
mkdir_p='$(MKDIR_P)'
oldincludedir='/usr/include'
pdfdir='${docdir}'
prefix='/home/gweltaz/Rack-SDK/plugins/Gweltou/dep'
program_transform_name='s,x,x,'
psdir='${docdir}'
runstatedir='${localstatedir}/run'
sbindir='${exec_prefix}/sbin'
sharedstatedir='${prefix}/com'
sysconfdir='${prefix}/etc'
target='x86_64-pc-linux-gnu'
target_alias=''
target_cpu='x86_64'
target_os='linux-gnu'
target_vendor='pc'

## ----------- ##
## confdefs.h. ##
## ----------- ##

/* confdefs.h */
#define PACKAGE_NAME "libsamplerate"
#define PACKAGE_TARNAME "libsamplerate"
#define PACKAGE_VERSION "0.1.9"
#define PACKAGE_STRING "libsamplerate 0.1.9"
#define PACKAGE_BUGREPORT "erikd@mega-nerd.com"
#define PACKAGE_URL "http://www.mega-nerd.com/libsamplerate/"
#define PACKAGE "libsamplerate"
#define VERSION "0.1.9"
#define STDC_HEADERS 1
#define HAVE_SYS_TYPES_H 1
#define HAVE_SYS_STAT_H 1
#define HAVE_STDLIB_H 1
#define HAVE_STRING_H 1
#define HAVE_MEMORY_H 1
#define HAVE_STRINGS_H 1
#define HAVE_INTTYPES_H 1
#define HAVE_STDINT_H 1
#define HAVE_UNISTD_H 1
#define HAVE_DLFCN_H 1
#define LT_OBJDIR ".libs/"
#define STDC_HEADERS 1
#define HAVE_STDINT_H 1
#define HAVE_SYS_TIMES_H 1
#define SIZEOF_INT 4
#define SIZEOF_LONG 8
#define SIZEOF_FLOAT 4
#define SIZEOF_DOUBLE 8
#define CPU_IS_BIG_ENDIAN 0
#define CPU_IS_LITTLE_ENDIAN 1
#define HAVE_MALLOC 1
#define HAVE_CALLOC 1
#define HAVE_FREE 1
#define HAVE_MEMCPY 1
#define HAVE_MEMMOVE 1
#define HAVE_ALARM 1
#define HAVE_SIGNAL 1
#define HAVE_LIBM 1
#define HAVE_FLOOR 1
#define HAVE_CEIL 1
#define HAVE_FMOD 1
#define HAVE_SIGALRM 1
#define HAVE_LRINT 1
#define HAVE_LRINTF 1
#define CPU_CLIPS_POSITIVE 0
#define CPU_CLIPS_NEGATIVE 0
#define HAVE_SNDFILE 1
#define HAVE_ALSA_ASOUNDLIB_H 1
#define HAVE_FFTW3 0
#define COMPILER_IS_GCC 1
#define GCC_MAJOR_VERSION 9
#define OS_IS_WIN32 0

configure: exit 0
